Raskshak/Temp/gradleOut/unityLibrary/build/intermediates/manifest_merge_blame_file/release/manifest-merger-blame-release-report.txt
1<?xml version="1.0" encoding="utf-8"?>
2<!-- GENERATED BY UNITY. REMOVE THIS COMMENT TO PREVENT OVERWRITING WHEN EXPORTING AGAIN -->
3<manifest xmlns:android="http://schemas.android.com/apk/res/android"
4    xmlns:tools="http://schemas.android.com/tools"
5    package="com.unity3d.player"
6    android:versionCode="1"
7    android:versionName="0.1" >
8
9    <uses-sdk
10        android:minSdkVersion="24"
10-->src\main\AndroidManifest.xml
11        android:targetSdkVersion="28" />
11-->src\main\AndroidManifest.xml
12
13    <uses-feature android:glEsVersion="0x00020000" />
13-->src\main\AndroidManifest.xml:19:3-52
13-->src\main\AndroidManifest.xml:19:17-49
14
15    <uses-permission android:name="android.permission.INTERNET" />
15-->src\main\AndroidManifest.xml:20:3-65
15-->src\main\AndroidManifest.xml:20:20-62
16    <uses-permission android:name="android.permission.RECORD_AUDIO" />
16-->src\main\AndroidManifest.xml:21:3-69
16-->src\main\AndroidManifest.xml:21:20-66
17    <uses-permission android:name="android.permission.MODIFY_AUDIO_SETTINGS" />
17-->src\main\AndroidManifest.xml:22:3-78
17-->src\main\AndroidManifest.xml:22:20-75
18    <uses-permission android:name="android.permission.BLUETOOTH" />
18-->src\main\AndroidManifest.xml:23:3-66
18-->src\main\AndroidManifest.xml:23:20-63
19
20    <uses-feature
20-->src\main\AndroidManifest.xml:24:3-87
21        android:name="android.hardware.microphone"
21-->src\main\AndroidManifest.xml:24:17-59
22        android:required="false" />
22-->src\main\AndroidManifest.xml:24:60-84
23    <uses-feature
23-->src\main\AndroidManifest.xml:25:3-88
24        android:name="android.hardware.touchscreen"
24-->src\main\AndroidManifest.xml:25:17-60
25        android:required="false" />
25-->src\main\AndroidManifest.xml:25:61-85
26    <uses-feature
26-->src\main\AndroidManifest.xml:26:3-99
27        android:name="android.hardware.touchscreen.multitouch"
27-->src\main\AndroidManifest.xml:26:17-71
28        android:required="false" />
28-->src\main\AndroidManifest.xml:26:72-96
29    <uses-feature
29-->src\main\AndroidManifest.xml:27:3-108
30        android:name="android.hardware.touchscreen.multitouch.distinct"
30-->src\main\AndroidManifest.xml:27:17-80
31        android:required="false" />
31-->src\main\AndroidManifest.xml:27:81-105
32
33    <uses-permission android:name="android.permission.CAMERA" />
33-->src\main\AndroidManifest.xml:28:3-63
33-->src\main\AndroidManifest.xml:28:20-60
34
35    <application android:isGame="true" >
35-->src\main\AndroidManifest.xml:4:3-18:17
35-->src\main\AndroidManifest.xml:4:16-37
36        <activity
36-->src\main\AndroidManifest.xml:5:5-12:16
37            android:name="com.unity3d.player.UnityPlayerActivity"
37-->src\main\AndroidManifest.xml:5:15-68
38            android:configChanges="mcc|mnc|locale|touchscreen|keyboard|keyboardHidden|navigation|orientation|screenLayout|uiMode|screenSize|smallestScreenSize|fontScale|layoutDirection|density"
38-->src\main\AndroidManifest.xml:5:182-363
39            android:hardwareAccelerated="false"
39-->src\main\AndroidManifest.xml:5:364-399
40            android:launchMode="singleTask"
40-->src\main\AndroidManifest.xml:5:150-181
41            android:screenOrientation="fullSensor"
41-->src\main\AndroidManifest.xml:5:111-149
42            android:theme="@style/UnityThemeSelector" >
42-->src\main\AndroidManifest.xml:5:69-110
43            <intent-filter>
43-->src\main\AndroidManifest.xml:6:7-10:23
44                <action android:name="android.intent.action.MAIN" />
44-->src\main\AndroidManifest.xml:7:9-61
44-->src\main\AndroidManifest.xml:7:17-58
45
46                <category android:name="android.intent.category.LAUNCHER" />
46-->src\main\AndroidManifest.xml:8:9-69
46-->src\main\AndroidManifest.xml:8:19-66
47                <category android:name="android.intent.category.LEANBACK_LAUNCHER" />
47-->src\main\AndroidManifest.xml:9:9-78
47-->src\main\AndroidManifest.xml:9:19-75
48            </intent-filter>
49
50            <meta-data
50-->src\main\AndroidManifest.xml:11:7-82
51                android:name="unityplayer.UnityActivity"
51-->src\main\AndroidManifest.xml:11:18-58
52                android:value="true" />
52-->src\main\AndroidManifest.xml:11:59-79
53        </activity>
54
55        <meta-data
55-->src\main\AndroidManifest.xml:13:5-69
56            android:name="unity.splash-mode"
56-->src\main\AndroidManifest.xml:13:16-48
57            android:value="0" />
57-->src\main\AndroidManifest.xml:13:49-66
58        <meta-data
58-->src\main\AndroidManifest.xml:14:5-74
59            android:name="unity.splash-enable"
59-->src\main\AndroidManifest.xml:14:16-50
60            android:value="True" />
60-->src\main\AndroidManifest.xml:14:51-71
61        <meta-data
61-->src\main\AndroidManifest.xml:15:5-101
62            android:name="unity.build-id"
62-->src\main\AndroidManifest.xml:15:16-45
63            android:value="cd5521c6-466c-430f-a083-a4bdfc2c5edf" />
63-->src\main\AndroidManifest.xml:15:46-98
64        <meta-data
64-->src\main\AndroidManifest.xml:16:5-88
65            android:name="unityplayer.SkipPermissionsDialog"
65-->src\main\AndroidManifest.xml:16:16-64
66            android:value="true" />
66-->src\main\AndroidManifest.xml:16:65-85
67        <meta-data
67-->src\main\AndroidManifest.xml:17:5-77
68            android:name="com.google.ar.core"
68-->src\main\AndroidManifest.xml:17:16-49
69            android:value="optional" />
69-->src\main\AndroidManifest.xml:17:50-74
70    </application>
71
72</manifest>